/usr/local/bin/quast.py --output-dir quast -r Ref-Adeno41.fasta --features Ref-Adeno41.gff --threads 6 PTA123.scaffolds.fa PTA111.scaffolds.fa

Version: 5.0.2

System information:
  OS: Linux-4.18.0-305.19.1.el8_4.x86_64-x86_64-with-debian-8.11 (linux_64)
  Python version: 3.7.6
  CPUs number: 32

Started: 2022-09-20 16:59:28

Logging to /scratch/bi/SRVCNM716_20220722_GENOMEEV15_mdfernandez_S/ANALYSIS/20220726_ANALYSIS01_METAGENOMIC_HUMAN/work/14/873a4324ff07e1a2c2a03662d059b3/quast/quast.log

CWD: /scratch/bi/SRVCNM716_20220722_GENOMEEV15_mdfernandez_S/ANALYSIS/20220726_ANALYSIS01_METAGENOMIC_HUMAN/work/14/873a4324ff07e1a2c2a03662d059b3
Main parameters: 
  MODE: default, threads: 6, minimum contig length: 500, minimum alignment length: 65, \
  ambiguity: one, threshold for extensive misassembly size: 1000

Reference:
  /scratch/bi/SRVCNM716_20220722_GENOMEEV15_mdfernandez_S/ANALYSIS/20220726_ANALYSIS01_METAGENOMIC_HUMAN/work/14/873a4324ff07e1a2c2a03662d059b3/Ref-Adeno41.fasta ==> Ref_Adeno41

Contigs:
  Pre-processing...
  1  PTA123.scaffolds.fa ==> PTA123.scaffolds
  2  PTA111.scaffolds.fa ==> PTA111.scaffolds

2022-09-20 16:59:29
Running Basic statistics processor...
  Reference genome:
    Ref_Adeno41.fasta, length = 34064, num fragments = 1, GC % = 51.01
  Contig files: 
    1  PTA123.scaffolds
    2  PTA111.scaffolds
  Calculating N50 and L50...
    1  PTA123.scaffolds, N50 = 1190, L50 = 6, Total length = 25580, GC % = 36.85, # N's per 100 kbp =  0.00
    2  PTA111.scaffolds, N50 = 2589, L50 = 4, Total length = 23573, GC % = 36.52, # N's per 100 kbp =  0.00
  Drawing Nx plot...
    saved to /scratch/bi/SRVCNM716_20220722_GENOMEEV15_mdfernandez_S/ANALYSIS/20220726_ANALYSIS01_METAGENOMIC_HUMAN/work/14/873a4324ff07e1a2c2a03662d059b3/quast/basic_stats/Nx_plot.pdf
  Drawing NGx plot...
    saved to /scratch/bi/SRVCNM716_20220722_GENOMEEV15_mdfernandez_S/ANALYSIS/20220726_ANALYSIS01_METAGENOMIC_HUMAN/work/14/873a4324ff07e1a2c2a03662d059b3/quast/basic_stats/NGx_plot.pdf
  Drawing cumulative plot...
    saved to /scratch/bi/SRVCNM716_20220722_GENOMEEV15_mdfernandez_S/ANALYSIS/20220726_ANALYSIS01_METAGENOMIC_HUMAN/work/14/873a4324ff07e1a2c2a03662d059b3/quast/basic_stats/cumulative_plot.pdf
  Drawing GC content plot...
    saved to /scratch/bi/SRVCNM716_20220722_GENOMEEV15_mdfernandez_S/ANALYSIS/20220726_ANALYSIS01_METAGENOMIC_HUMAN/work/14/873a4324ff07e1a2c2a03662d059b3/quast/basic_stats/GC_content_plot.pdf
  Drawing PTA123.scaffolds GC content plot...
    saved to /scratch/bi/SRVCNM716_20220722_GENOMEEV15_mdfernandez_S/ANALYSIS/20220726_ANALYSIS01_METAGENOMIC_HUMAN/work/14/873a4324ff07e1a2c2a03662d059b3/quast/basic_stats/PTA123.scaffolds_GC_content_plot.pdf
  Drawing PTA111.scaffolds GC content plot...
    saved to /scratch/bi/SRVCNM716_20220722_GENOMEEV15_mdfernandez_S/ANALYSIS/20220726_ANALYSIS01_METAGENOMIC_HUMAN/work/14/873a4324ff07e1a2c2a03662d059b3/quast/basic_stats/PTA111.scaffolds_GC_content_plot.pdf
  Drawing Coverage histogram (bin size: 234x)...
    saved to /scratch/bi/SRVCNM716_20220722_GENOMEEV15_mdfernandez_S/ANALYSIS/20220726_ANALYSIS01_METAGENOMIC_HUMAN/work/14/873a4324ff07e1a2c2a03662d059b3/quast/basic_stats/coverage_histogram.pdf
  Drawing PTA123.scaffolds coverage histogram (bin size: 445x)...
    saved to /scratch/bi/SRVCNM716_20220722_GENOMEEV15_mdfernandez_S/ANALYSIS/20220726_ANALYSIS01_METAGENOMIC_HUMAN/work/14/873a4324ff07e1a2c2a03662d059b3/quast/basic_stats/PTA123-scaffolds_coverage_histogram.pdf
  Drawing PTA111.scaffolds coverage histogram (bin size: 147x)...
    saved to /scratch/bi/SRVCNM716_20220722_GENOMEEV15_mdfernandez_S/ANALYSIS/20220726_ANALYSIS01_METAGENOMIC_HUMAN/work/14/873a4324ff07e1a2c2a03662d059b3/quast/basic_stats/PTA111-scaffolds_coverage_histogram.pdf
Done.

2022-09-20 16:59:30
Running Contig analyzer...
  1  PTA123.scaffolds
  2  PTA111.scaffolds
  1  Logging to files /scratch/bi/SRVCNM716_20220722_GENOMEEV15_mdfernandez_S/ANALYSIS/20220726_ANALYSIS01_METAGENOMIC_HUMAN/work/14/873a4324ff07e1a2c2a03662d059b3/quast/contigs_reports/contigs_report_PTA123-scaffolds.stdout and contigs_report_PTA123-scaffolds.stderr...
  2  Logging to files /scratch/bi/SRVCNM716_20220722_GENOMEEV15_mdfernandez_S/ANALYSIS/20220726_ANALYSIS01_METAGENOMIC_HUMAN/work/14/873a4324ff07e1a2c2a03662d059b3/quast/contigs_reports/contigs_report_PTA111-scaffolds.stdout and contigs_report_PTA111-scaffolds.stderr...
  1  Aligning contigs to the reference
  2  Aligning contigs to the reference
  1  /usr/local/bin/minimap2 -c -x asm5 -B5 -O4,16 --no-long-join -r 85 -N 50 -s 65 \
     -z 200 --mask-level 0.9 --min-occ 200 -g 2500 --score-N 2 --cs -t 3 quast/quast_corrected_input/Ref_Adeno41.fasta \
     quast/quast_corrected_input/PTA123_scaffolds.fa > quast/contigs_reports/minimap_output/PTA123-scaffolds.coords_tmp \
     2>> quast/contigs_reports/contigs_report_PTA123-scaffolds.stderr
  2  /usr/local/bin/minimap2 -c -x asm5 -B5 -O4,16 --no-long-join -r 85 -N 50 -s 65 \
     -z 200 --mask-level 0.9 --min-occ 200 -g 2500 --score-N 2 --cs -t 3 quast/quast_corrected_input/Ref_Adeno41.fasta \
     quast/quast_corrected_input/PTA111_scaffolds.fa > quast/contigs_reports/minimap_output/PTA111-scaffolds.coords_tmp \
     2>> quast/contigs_reports/contigs_report_PTA111-scaffolds.stderr
  2  Nothing aligned for 'PTA111.scaffolds'.
  1  Analysis is finished.

  Creating total report...
    saved to /scratch/bi/SRVCNM716_20220722_GENOMEEV15_mdfernandez_S/ANALYSIS/20220726_ANALYSIS01_METAGENOMIC_HUMAN/work/14/873a4324ff07e1a2c2a03662d059b3/quast/contigs_reports/misassemblies_report.txt, misassemblies_report.tsv, and misassemblies_report.tex
  Transposed version of total report...
    saved to /scratch/bi/SRVCNM716_20220722_GENOMEEV15_mdfernandez_S/ANALYSIS/20220726_ANALYSIS01_METAGENOMIC_HUMAN/work/14/873a4324ff07e1a2c2a03662d059b3/quast/contigs_reports/transposed_report_misassemblies.txt, transposed_report_misassemblies.tsv, and transposed_report_misassemblies.tex
  Creating total report...
    saved to /scratch/bi/SRVCNM716_20220722_GENOMEEV15_mdfernandez_S/ANALYSIS/20220726_ANALYSIS01_METAGENOMIC_HUMAN/work/14/873a4324ff07e1a2c2a03662d059b3/quast/contigs_reports/unaligned_report.txt, unaligned_report.tsv, and unaligned_report.tex
  Drawing misassemblies by types plot...
    saved to /scratch/bi/SRVCNM716_20220722_GENOMEEV15_mdfernandez_S/ANALYSIS/20220726_ANALYSIS01_METAGENOMIC_HUMAN/work/14/873a4324ff07e1a2c2a03662d059b3/quast/contigs_reports/misassemblies_plot.pdf
  Drawing misassemblies FRCurve plot...
    saved to /scratch/bi/SRVCNM716_20220722_GENOMEEV15_mdfernandez_S/ANALYSIS/20220726_ANALYSIS01_METAGENOMIC_HUMAN/work/14/873a4324ff07e1a2c2a03662d059b3/quast/contigs_reports/misassemblies_frcurve_plot.pdf
Done for 1 out of 2. For the rest, only basic stats are going to be evaluated.

2022-09-20 16:59:31
Running NA-NGA calculation...
  1  PTA123.scaffolds, Largest alignment = 893, NA50 = None, LA50 = None
  Drawing cumulative plot...
    saved to /scratch/bi/SRVCNM716_20220722_GENOMEEV15_mdfernandez_S/ANALYSIS/20220726_ANALYSIS01_METAGENOMIC_HUMAN/work/14/873a4324ff07e1a2c2a03662d059b3/quast/aligned_stats/cumulative_plot.pdf
  Drawing NAx plot...
    saved to /scratch/bi/SRVCNM716_20220722_GENOMEEV15_mdfernandez_S/ANALYSIS/20220726_ANALYSIS01_METAGENOMIC_HUMAN/work/14/873a4324ff07e1a2c2a03662d059b3/quast/aligned_stats/NAx_plot.pdf
  Drawing NGAx plot...
    saved to /scratch/bi/SRVCNM716_20220722_GENOMEEV15_mdfernandez_S/ANALYSIS/20220726_ANALYSIS01_METAGENOMIC_HUMAN/work/14/873a4324ff07e1a2c2a03662d059b3/quast/aligned_stats/NGAx_plot.pdf
Done.

2022-09-20 16:59:31
Running Genome analyzer...
  NOTICE: No file with operons were provided. Use the -O option if you want to specify it.
  Loaded 39 genomic features of type "ANY"
  1  PTA123.scaffolds
  1  Analysis is finished.
  Drawing genomic features cumulative plot...
    saved to /scratch/bi/SRVCNM716_20220722_GENOMEEV15_mdfernandez_S/ANALYSIS/20220726_ANALYSIS01_METAGENOMIC_HUMAN/work/14/873a4324ff07e1a2c2a03662d059b3/quast/genome_stats/features_cumulative_plot.pdf
  Drawing genomic features FRCurve plot...
    saved to /scratch/bi/SRVCNM716_20220722_GENOMEEV15_mdfernandez_S/ANALYSIS/20220726_ANALYSIS01_METAGENOMIC_HUMAN/work/14/873a4324ff07e1a2c2a03662d059b3/quast/genome_stats/features_frcurve_plot.pdf
  Skipping drawing # complete genomic features histogram... (less than 2 columns histogram makes no sense)
  Skipping drawing Genome fraction, % histogram... (less than 2 columns histogram makes no sense)
Done.

NOTICE: Genes are not predicted by default. Use --gene-finding or --glimmer option to enable it.

2022-09-20 16:59:31
Creating large visual summaries...
This may take a while: press Ctrl-C to skip this step..
  1 of 2: Creating Icarus viewers...
  2 of 2: Creating PDF with all tables and plots...
Done

2022-09-20 16:59:32
RESULTS:
  Text versions of total report are saved to /scratch/bi/SRVCNM716_20220722_GENOMEEV15_mdfernandez_S/ANALYSIS/20220726_ANALYSIS01_METAGENOMIC_HUMAN/work/14/873a4324ff07e1a2c2a03662d059b3/quast/report.txt, report.tsv, and report.tex
  Text versions of transposed total report are saved to /scratch/bi/SRVCNM716_20220722_GENOMEEV15_mdfernandez_S/ANALYSIS/20220726_ANALYSIS01_METAGENOMIC_HUMAN/work/14/873a4324ff07e1a2c2a03662d059b3/quast/transposed_report.txt, transposed_report.tsv, and transposed_report.tex
  HTML version (interactive tables and plots) is saved to /scratch/bi/SRVCNM716_20220722_GENOMEEV15_mdfernandez_S/ANALYSIS/20220726_ANALYSIS01_METAGENOMIC_HUMAN/work/14/873a4324ff07e1a2c2a03662d059b3/quast/report.html
  PDF version (tables and plots) is saved to /scratch/bi/SRVCNM716_20220722_GENOMEEV15_mdfernandez_S/ANALYSIS/20220726_ANALYSIS01_METAGENOMIC_HUMAN/work/14/873a4324ff07e1a2c2a03662d059b3/quast/report.pdf
  Icarus (contig browser) is saved to /scratch/bi/SRVCNM716_20220722_GENOMEEV15_mdfernandez_S/ANALYSIS/20220726_ANALYSIS01_METAGENOMIC_HUMAN/work/14/873a4324ff07e1a2c2a03662d059b3/quast/icarus.html
  Log is saved to /scratch/bi/SRVCNM716_20220722_GENOMEEV15_mdfernandez_S/ANALYSIS/20220726_ANALYSIS01_METAGENOMIC_HUMAN/work/14/873a4324ff07e1a2c2a03662d059b3/quast/quast.log

Finished: 2022-09-20 16:59:32
Elapsed time: 0:00:04.263633
NOTICEs: 2; WARNINGs: 0; non-fatal ERRORs: 0

Thank you for using QUAST!
