/usr/local/bin/quast.py --output-dir quast -r Ref-Astro_VA3.fasta --features Ref-Astro_VA3.gff --threads 6 PTA110.scaffolds.fa

Version: 5.0.2

System information:
  OS: Linux-4.18.0-305.19.1.el8_4.x86_64-x86_64-with-debian-8.11 (linux_64)
  Python version: 3.7.6
  CPUs number: 32

Started: 2022-09-20 17:02:31

Logging to /scratch/bi/SRVCNM716_20220722_GENOMEEV15_mdfernandez_S/ANALYSIS/20220726_ANALYSIS01_METAGENOMIC_HUMAN/work/e4/d3780c1f44e95c3c1cda853d657544/quast/quast.log

CWD: /scratch/bi/SRVCNM716_20220722_GENOMEEV15_mdfernandez_S/ANALYSIS/20220726_ANALYSIS01_METAGENOMIC_HUMAN/work/e4/d3780c1f44e95c3c1cda853d657544
Main parameters: 
  MODE: default, threads: 6, minimum contig length: 500, minimum alignment length: 65, \
  ambiguity: one, threshold for extensive misassembly size: 1000

Reference:
  /scratch/bi/SRVCNM716_20220722_GENOMEEV15_mdfernandez_S/ANALYSIS/20220726_ANALYSIS01_METAGENOMIC_HUMAN/work/e4/d3780c1f44e95c3c1cda853d657544/Ref-Astro_VA3.fasta ==> Ref_Astro_VA3

Contigs:
  Pre-processing...
  PTA110.scaffolds.fa ==> PTA110.scaffolds

2022-09-20 17:02:32
Running Basic statistics processor...
  Reference genome:
    Ref_Astro_VA3.fasta, length = 6581, num fragments = 1, GC % = 41.79
  Contig files: 
    PTA110.scaffolds
  Calculating N50 and L50...
    PTA110.scaffolds, N50 = 2430, L50 = 4, Total length = 21392, GC % = 34.24, # N's per 100 kbp =  0.00
  Drawing Nx plot...
    saved to /scratch/bi/SRVCNM716_20220722_GENOMEEV15_mdfernandez_S/ANALYSIS/20220726_ANALYSIS01_METAGENOMIC_HUMAN/work/e4/d3780c1f44e95c3c1cda853d657544/quast/basic_stats/Nx_plot.pdf
  Drawing NGx plot...
    saved to /scratch/bi/SRVCNM716_20220722_GENOMEEV15_mdfernandez_S/ANALYSIS/20220726_ANALYSIS01_METAGENOMIC_HUMAN/work/e4/d3780c1f44e95c3c1cda853d657544/quast/basic_stats/NGx_plot.pdf
  Drawing cumulative plot...
    saved to /scratch/bi/SRVCNM716_20220722_GENOMEEV15_mdfernandez_S/ANALYSIS/20220726_ANALYSIS01_METAGENOMIC_HUMAN/work/e4/d3780c1f44e95c3c1cda853d657544/quast/basic_stats/cumulative_plot.pdf
  Drawing GC content plot...
    saved to /scratch/bi/SRVCNM716_20220722_GENOMEEV15_mdfernandez_S/ANALYSIS/20220726_ANALYSIS01_METAGENOMIC_HUMAN/work/e4/d3780c1f44e95c3c1cda853d657544/quast/basic_stats/GC_content_plot.pdf
  Drawing PTA110.scaffolds GC content plot...
    saved to /scratch/bi/SRVCNM716_20220722_GENOMEEV15_mdfernandez_S/ANALYSIS/20220726_ANALYSIS01_METAGENOMIC_HUMAN/work/e4/d3780c1f44e95c3c1cda853d657544/quast/basic_stats/PTA110.scaffolds_GC_content_plot.pdf
  Drawing Coverage histogram (bin size: 519x)...
    saved to /scratch/bi/SRVCNM716_20220722_GENOMEEV15_mdfernandez_S/ANALYSIS/20220726_ANALYSIS01_METAGENOMIC_HUMAN/work/e4/d3780c1f44e95c3c1cda853d657544/quast/basic_stats/coverage_histogram.pdf
  Drawing PTA110.scaffolds coverage histogram (bin size: 519x)...
    saved to /scratch/bi/SRVCNM716_20220722_GENOMEEV15_mdfernandez_S/ANALYSIS/20220726_ANALYSIS01_METAGENOMIC_HUMAN/work/e4/d3780c1f44e95c3c1cda853d657544/quast/basic_stats/PTA110-scaffolds_coverage_histogram.pdf
Done.

2022-09-20 17:02:33
Running Contig analyzer...
  PTA110.scaffolds
  Logging to files /scratch/bi/SRVCNM716_20220722_GENOMEEV15_mdfernandez_S/ANALYSIS/20220726_ANALYSIS01_METAGENOMIC_HUMAN/work/e4/d3780c1f44e95c3c1cda853d657544/quast/contigs_reports/contigs_report_PTA110-scaffolds.stdout and contigs_report_PTA110-scaffolds.stderr...
  Aligning contigs to the reference
  /usr/local/bin/minimap2 -c -x asm5 -B5 -O4,16 --no-long-join -r 85 -N 50 -s 65 -z \
  200 --mask-level 0.9 --min-occ 200 -g 2500 --score-N 2 --cs -t 6 quast/quast_corrected_input/Ref_Astro_VA3.fasta \
  quast/quast_corrected_input/PTA110_scaffolds.fa > quast/contigs_reports/minimap_output/PTA110-scaffolds.coords_tmp \
  2>> quast/contigs_reports/contigs_report_PTA110-scaffolds.stderr
  Nothing aligned for 'PTA110.scaffolds'.
Failed aligning the contigs for all the assemblies. Only basic stats are going to be evaluated.

NOTICE: Genes are not predicted by default. Use --gene-finding or --glimmer option to enable it.

2022-09-20 17:02:33
Creating large visual summaries...
This may take a while: press Ctrl-C to skip this step..
  1 of 2: Creating Icarus viewers...
  2 of 2: Creating PDF with all tables and plots...
Done

2022-09-20 17:02:34
RESULTS:
  Text versions of total report are saved to /scratch/bi/SRVCNM716_20220722_GENOMEEV15_mdfernandez_S/ANALYSIS/20220726_ANALYSIS01_METAGENOMIC_HUMAN/work/e4/d3780c1f44e95c3c1cda853d657544/quast/report.txt, report.tsv, and report.tex
  Text versions of transposed total report are saved to /scratch/bi/SRVCNM716_20220722_GENOMEEV15_mdfernandez_S/ANALYSIS/20220726_ANALYSIS01_METAGENOMIC_HUMAN/work/e4/d3780c1f44e95c3c1cda853d657544/quast/transposed_report.txt, transposed_report.tsv, and transposed_report.tex
  HTML version (interactive tables and plots) is saved to /scratch/bi/SRVCNM716_20220722_GENOMEEV15_mdfernandez_S/ANALYSIS/20220726_ANALYSIS01_METAGENOMIC_HUMAN/work/e4/d3780c1f44e95c3c1cda853d657544/quast/report.html
  PDF version (tables and plots) is saved to /scratch/bi/SRVCNM716_20220722_GENOMEEV15_mdfernandez_S/ANALYSIS/20220726_ANALYSIS01_METAGENOMIC_HUMAN/work/e4/d3780c1f44e95c3c1cda853d657544/quast/report.pdf
  Icarus (contig browser) is saved to /scratch/bi/SRVCNM716_20220722_GENOMEEV15_mdfernandez_S/ANALYSIS/20220726_ANALYSIS01_METAGENOMIC_HUMAN/work/e4/d3780c1f44e95c3c1cda853d657544/quast/icarus.html
  Log is saved to /scratch/bi/SRVCNM716_20220722_GENOMEEV15_mdfernandez_S/ANALYSIS/20220726_ANALYSIS01_METAGENOMIC_HUMAN/work/e4/d3780c1f44e95c3c1cda853d657544/quast/quast.log

Finished: 2022-09-20 17:02:34
Elapsed time: 0:00:02.353407
NOTICEs: 1; WARNINGs: 0; non-fatal ERRORs: 0

Thank you for using QUAST!
